Arguments: 
  /Users/venky/.nvm/versions/node/v16.13.0/bin/node /Users/venky/.node/corepack/yarn/1.22.15/bin/yarn.js init

PATH: 
  /Users/venky/.nvm/versions/node/v16.13.0/bin:/opt/homebrew/bin:/opt/homebrew/sbin:/usr/local/bin:/usr/bin:/bin:/usr/sbin:/sbin:/Applications/Keybase.app/Contents/SharedSupport/bin:/Library/Apple/usr/bin:/Users/venky/.nvm/versions/node/v16.13.0/bin:/opt/homebrew/bin:/opt/homebrew/sbin

Yarn version: 
  1.22.15

Node version: 
  16.13.0

Platform: 
  darwin arm64

Trace: 
  Error: canceled
      at Interface.<anonymous> (/Users/venky/.node/corepack/yarn/1.22.15/lib/cli.js:137145:13)
      at Interface.emit (node:events:390:28)
      at Interface._ttyWrite (node:readline:1081:16)
      at ReadStream.onkeypress (node:readline:288:10)
      at ReadStream.emit (node:events:390:28)
      at emitKeys (node:internal/readline/utils:358:14)
      at emitKeys.next (<anonymous>)
      at ReadStream.onData (node:internal/readline/emitKeypressEvents:61:36)
      at ReadStream.emit (node:events:390:28)
      at addChunk (node:internal/streams/readable:315:12)

npm manifest: 
  {
      "license": "UNLICENSED"
  }

yarn manifest: 
  No manifest

Lockfile: 
  # THIS IS AN AUTOGENERATED FILE. DO NOT EDIT THIS FILE DIRECTLY.
  # yarn lockfile v1
